2025-03-08 00:02:08 DEBUG TestNG:82 - suiteXmlPath: "C:\Users\RobinAbraham\Downloads\Academy_RahulShetty_Project1-20250305T120021Z-001\Academy_RahulShetty_Project1\testng.xml"
2025-03-08 00:02:08 INFO  Utils:112 - [TestNG] Running:
  C:\Users\RobinAbraham\Downloads\Academy_RahulShetty_Project1-20250305T120021Z-001\Academy_RahulShetty_Project1\testng.xml

2025-03-08 00:09:03 DEBUG TestNG:82 - suiteXmlPath: "C:\Users\RobinAbraham\Downloads\Academy_RahulShetty_Project1-20250305T120021Z-001\Academy_RahulShetty_Project1\testng.xml"
2025-03-08 00:09:04 INFO  Utils:112 - [TestNG] Running:
  C:\Users\RobinAbraham\Downloads\Academy_RahulShetty_Project1-20250305T120021Z-001\Academy_RahulShetty_Project1\testng.xml

2025-03-08 08:09:43 DEBUG TestNG:82 - suiteXmlPath: "C:\Users\RobinAbraham\Downloads\Academy_RahulShetty_Project1-20250305T120021Z-001\Academy_RahulShetty_Project1\testng.xml"
2025-03-08 08:09:43 INFO  Utils:112 - [TestNG] Running:
  C:\Users\RobinAbraham\Downloads\Academy_RahulShetty_Project1-20250305T120021Z-001\Academy_RahulShetty_Project1\testng.xml

2025-03-08 08:11:58 DEBUG TestNG:82 - suiteXmlPath: "C:\Users\RobinAbraham\Downloads\Academy_RahulShetty_Project1-20250305T120021Z-001\Academy_RahulShetty_Project1\testng.xml"
2025-03-08 08:11:59 INFO  Utils:112 - [TestNG] Running:
  C:\Users\RobinAbraham\Downloads\Academy_RahulShetty_Project1-20250305T120021Z-001\Academy_RahulShetty_Project1\testng.xml

2025-03-08 08:47:27 DEBUG TestNG:82 - suiteXmlPath: "C:\Users\RobinAbraham\Downloads\Academy_RahulShetty_Project1-20250305T120021Z-001\Academy_RahulShetty_Project1\testng.xml"
2025-03-08 08:47:27 INFO  Utils:112 - [TestNG] Running:
  C:\Users\RobinAbraham\Downloads\Academy_RahulShetty_Project1-20250305T120021Z-001\Academy_RahulShetty_Project1\testng.xml

2025-03-08 08:51:18 DEBUG TestNG:82 - suiteXmlPath: "C:\Users\RobinAbraham\Downloads\Academy_RahulShetty_Project1-20250305T120021Z-001\Academy_RahulShetty_Project1\testng.xml"
2025-03-08 08:51:18 INFO  Utils:112 - [TestNG] Running:
  C:\Users\RobinAbraham\Downloads\Academy_RahulShetty_Project1-20250305T120021Z-001\Academy_RahulShetty_Project1\testng.xml

2025-03-08 08:57:26 DEBUG TestNG:82 - suiteXmlPath: "C:\Users\RobinAbraham\Downloads\Academy_RahulShetty_Project1-20250305T120021Z-001\Academy_RahulShetty_Project1\testng.xml"
2025-03-08 08:57:27 INFO  Utils:112 - [TestNG] Running:
  C:\Users\RobinAbraham\Downloads\Academy_RahulShetty_Project1-20250305T120021Z-001\Academy_RahulShetty_Project1\testng.xml

2025-03-08 09:00:27 DEBUG TestNG:82 - suiteXmlPath: "C:\Users\RobinAbraham\Downloads\Academy_RahulShetty_Project1-20250305T120021Z-001\Academy_RahulShetty_Project1\testng.xml"
2025-03-08 09:00:27 INFO  Utils:112 - [TestNG] Running:
  C:\Users\RobinAbraham\Downloads\Academy_RahulShetty_Project1-20250305T120021Z-001\Academy_RahulShetty_Project1\testng.xml

2025-03-08 09:06:37 DEBUG TestNG:82 - suiteXmlPath: "C:\Users\RobinAbraham\Downloads\Academy_RahulShetty_Project1-20250305T120021Z-001\Academy_RahulShetty_Project1\testng.xml"
2025-03-08 09:06:37 INFO  Utils:112 - [TestNG] Running:
  C:\Users\RobinAbraham\Downloads\Academy_RahulShetty_Project1-20250305T120021Z-001\Academy_RahulShetty_Project1\testng.xml

2025-03-08 09:10:05 DEBUG TestNG:82 - suiteXmlPath: "C:\Users\RobinAbraham\Downloads\Academy_RahulShetty_Project1-20250305T120021Z-001\Academy_RahulShetty_Project1\testng.xml"
2025-03-08 09:10:05 INFO  Utils:112 - [TestNG] Running:
  C:\Users\RobinAbraham\Downloads\Academy_RahulShetty_Project1-20250305T120021Z-001\Academy_RahulShetty_Project1\testng.xml

2025-03-08 09:18:02 DEBUG TestNG:82 - suiteXmlPath: "C:\Users\RobinAbraham\Downloads\Academy_RahulShetty_Project1-20250305T120021Z-001\Academy_RahulShetty_Project1\testng.xml"
2025-03-08 09:18:03 INFO  Utils:112 - [TestNG] Running:
  C:\Users\RobinAbraham\Downloads\Academy_RahulShetty_Project1-20250305T120021Z-001\Academy_RahulShetty_Project1\testng.xml

2025-03-08 09:20:38 DEBUG TestNG:82 - suiteXmlPath: "C:\Users\RobinAbraham\Downloads\Academy_RahulShetty_Project1-20250305T120021Z-001\Academy_RahulShetty_Project1\testng.xml"
2025-03-08 09:20:39 INFO  Utils:112 - [TestNG] Running:
  C:\Users\RobinAbraham\Downloads\Academy_RahulShetty_Project1-20250305T120021Z-001\Academy_RahulShetty_Project1\testng.xml

2025-03-08 09:29:33 DEBUG TestNG:82 - suiteXmlPath: "C:\Users\RobinAbraham\Downloads\Academy_RahulShetty_Project1-20250305T120021Z-001\Academy_RahulShetty_Project1\testng.xml"
2025-03-08 09:29:33 INFO  Utils:112 - [TestNG] Running:
  C:\Users\RobinAbraham\Downloads\Academy_RahulShetty_Project1-20250305T120021Z-001\Academy_RahulShetty_Project1\testng.xml

2025-03-08 09:32:46 DEBUG TestNG:82 - suiteXmlPath: "C:\Users\RobinAbraham\Downloads\Academy_RahulShetty_Project1-20250305T120021Z-001\Academy_RahulShetty_Project1\testng.xml"
2025-03-08 09:32:47 INFO  Utils:112 - [TestNG] Running:
  C:\Users\RobinAbraham\Downloads\Academy_RahulShetty_Project1-20250305T120021Z-001\Academy_RahulShetty_Project1\testng.xml

2025-03-08 09:38:08 DEBUG TestNG:82 - suiteXmlPath: "C:\Users\RobinAbraham\Downloads\Academy_RahulShetty_Project1-20250305T120021Z-001\Academy_RahulShetty_Project1\testng.xml"
2025-03-08 09:38:09 INFO  Utils:112 - [TestNG] Running:
  C:\Users\RobinAbraham\Downloads\Academy_RahulShetty_Project1-20250305T120021Z-001\Academy_RahulShetty_Project1\testng.xml

2025-03-08 09:53:59 DEBUG TestNG:82 - suiteXmlPath: "C:\Users\ROBINA~1\AppData\Local\Temp\testng-eclipse-494261637\testng-customsuite.xml"
2025-03-08 09:53:59 INFO  Utils:112 - [Utils] MethodGroupsHelper.collectMethodsByGroup() took 1 ms.
2025-03-08 09:53:59 INFO  Utils:112 - [Utils] MethodGroupsHelper.sortMethods() took 1 ms.
2025-03-08 09:53:59 INFO  Utils:112 - [Utils] MethodGroupsHelper.collectMethodsByGroup() took 0 ms.
2025-03-08 09:53:59 INFO  Utils:112 - [Utils] MethodGroupsHelper.sortMethods() took 0 ms.
2025-03-08 09:53:59 INFO  Utils:112 - [Utils] MethodGroupsHelper.collectMethodsByGroup() took 0 ms.
2025-03-08 09:53:59 INFO  Utils:112 - [Utils] MethodGroupsHelper.sortMethods() took 0 ms.
2025-03-08 09:53:59 INFO  Utils:112 - [Utils] MethodGroupsHelper.collectMethodsByGroup() took 0 ms.
2025-03-08 09:53:59 INFO  Utils:112 - [Utils] MethodGroupsHelper.sortMethods() took 0 ms.
2025-03-08 09:53:59 INFO  Utils:112 - [Utils] MethodGroupsHelper.collectMethodsByGroup() took 3 ms.
2025-03-08 09:53:59 INFO  Utils:112 - [Utils] MethodGroupsHelper.sortMethods() took 10 ms.
2025-03-08 09:53:59 INFO  Utils:112 - [Utils] MethodGroupsHelper.collectMethodsByGroup() took 0 ms.
2025-03-08 09:53:59 INFO  Utils:112 - [Utils] MethodGroupsHelper.sortMethods() took 0 ms.
2025-03-08 09:53:59 INFO  Utils:112 - [Utils] MethodGroupsHelper.collectMethodsByGroup() took 0 ms.
2025-03-08 09:53:59 INFO  Utils:112 - [Utils] MethodGroupsHelper.sortMethods() took 0 ms.
2025-03-08 09:53:59 INFO  Utils:112 - [Utils] MethodGroupsHelper.collectMethodsByGroup() took 0 ms.
2025-03-08 09:53:59 INFO  Utils:112 - [Utils] MethodGroupsHelper.sortMethods() took 0 ms.
2025-03-08 09:53:59 INFO  Utils:112 - [Utils] MethodGroupsHelper.collectMethodsByGroup() took 0 ms.
2025-03-08 09:53:59 INFO  Utils:112 - [Utils] MethodGroupsHelper.sortMethods() took 0 ms.
2025-03-08 09:53:59 INFO  Utils:112 - [Utils] MethodGroupsHelper.collectMethodsByGroup() took 0 ms.
2025-03-08 09:53:59 INFO  Utils:112 - [Utils] MethodGroupsHelper.sortMethods() took 0 ms.
2025-03-08 09:53:59 INFO  Utils:112 - [Utils] MethodGroupsHelper.collectMethodsByGroup() took 0 ms.
2025-03-08 09:53:59 INFO  Utils:112 - [Utils] MethodGroupsHelper.sortMethods() took 0 ms.
2025-03-08 09:53:59 INFO  Utils:112 - [Utils] MethodGroupsHelper.collectMethodsByGroup() took 0 ms.
2025-03-08 09:53:59 INFO  Utils:112 - [Utils] MethodGroupsHelper.sortMethods() took 0 ms.
2025-03-08 09:53:59 INFO  Utils:112 - [Utils] MethodGroupsHelper.collectMethodsByGroup() took 0 ms.
2025-03-08 09:53:59 INFO  Utils:112 - [Utils] MethodGroupsHelper.sortMethods() took 1 ms.
2025-03-08 09:53:59 INFO  Utils:112 - [Utils] MethodGroupsHelper.collectMethodsByGroup() took 0 ms.
2025-03-08 09:53:59 INFO  Utils:112 - [Utils] MethodGroupsHelper.sortMethods() took 0 ms.
2025-03-08 09:53:59 INFO  Utils:112 - [Utils] MethodGroupsHelper.collectMethodsByGroup() took 0 ms.
2025-03-08 09:53:59 INFO  Utils:112 - [Utils] MethodGroupsHelper.sortMethods() took 0 ms.
2025-03-08 09:53:59 INFO  Utils:112 - [TestNG] Running:
  C:\Users\RobinAbraham\AppData\Local\Temp\testng-eclipse-494261637\testng-customsuite.xml

2025-03-08 09:53:59 INFO  Utils:112 - [Utils] DynamicGraphHelper.createDynamicGraph() took 7 ms.
2025-03-08 09:54:00 INFO  Utils:112 - [TestNG] Time taken by org.testng.reporters.jq.Main@7fb9f71f: 202 ms
2025-03-08 09:54:00 INFO  Utils:112 - [TestNG] Time taken by org.testng.reporters.FailedReporter@3670f00: 20 ms
2025-03-08 09:54:00 INFO  Utils:112 - [TestNG] Time taken by org.testng.reporters.XMLReporter@27cf3151: 14 ms
2025-03-08 09:54:00 INFO  Utils:112 - [TestNG] Time taken by org.testng.reporters.EmailableReporter2@cc6460c: 25 ms
2025-03-08 09:54:00 INFO  Utils:112 - [TestNG] Time taken by org.testng.reporters.JUnitReportReporter@63f34b70: 8 ms
2025-03-08 09:54:00 INFO  Utils:112 - [TestNG] Time taken by org.testng.internal.ExitCodeListener@641856: 0 ms
2025-03-08 09:54:24 DEBUG TestNG:82 - suiteXmlPath: "C:\Users\RobinAbraham\Downloads\Academy_RahulShetty_Project1-20250305T120021Z-001\Academy_RahulShetty_Project1\testng.xml"
2025-03-08 09:54:24 INFO  Utils:112 - [TestNG] Running:
  C:\Users\RobinAbraham\Downloads\Academy_RahulShetty_Project1-20250305T120021Z-001\Academy_RahulShetty_Project1\testng.xml

2025-03-08 10:11:55 DEBUG TestNG:82 - suiteXmlPath: "C:\Users\RobinAbraham\Downloads\Academy_RahulShetty_Project1-20250305T120021Z-001\Academy_RahulShetty_Project1\testng.xml"
2025-03-08 10:12:43 DEBUG TestNG:82 - suiteXmlPath: "C:\Users\RobinAbraham\Downloads\Academy_RahulShetty_Project1-20250305T120021Z-001\Academy_RahulShetty_Project1\testng.xml"
2025-03-08 10:13:46 DEBUG TestNG:82 - suiteXmlPath: "C:\Users\RobinAbraham\Downloads\Academy_RahulShetty_Project1-20250305T120021Z-001\Academy_RahulShetty_Project1\testng.xml"
2025-03-08 10:13:46 INFO  Utils:112 - [TestNG] Running:
  C:\Users\RobinAbraham\Downloads\Academy_RahulShetty_Project1-20250305T120021Z-001\Academy_RahulShetty_Project1\testng.xml

2025-03-08 10:36:36 DEBUG TestNG:82 - suiteXmlPath: "C:\Users\RobinAbraham\Downloads\Academy_RahulShetty_Project1-20250305T120021Z-001\Academy_RahulShetty_Project1\testng.xml"
2025-03-08 10:36:37 INFO  Utils:112 - [TestNG] Running:
  C:\Users\RobinAbraham\Downloads\Academy_RahulShetty_Project1-20250305T120021Z-001\Academy_RahulShetty_Project1\testng.xml

2025-03-08 10:42:13 DEBUG TestNG:82 - suiteXmlPath: "C:\Users\RobinAbraham\Downloads\Academy_RahulShetty_Project1-20250305T120021Z-001\Academy_RahulShetty_Project1\testng.xml"
2025-03-08 10:42:13 INFO  Utils:112 - [TestNG] Running:
  C:\Users\RobinAbraham\Downloads\Academy_RahulShetty_Project1-20250305T120021Z-001\Academy_RahulShetty_Project1\testng.xml

2025-03-08 10:46:28 DEBUG TestNG:82 - suiteXmlPath: "C:\Users\RobinAbraham\Downloads\Academy_RahulShetty_Project1-20250305T120021Z-001\Academy_RahulShetty_Project1\testng.xml"
2025-03-08 10:46:29 INFO  Utils:112 - [TestNG] Running:
  C:\Users\RobinAbraham\Downloads\Academy_RahulShetty_Project1-20250305T120021Z-001\Academy_RahulShetty_Project1\testng.xml

2025-03-08 10:56:49 DEBUG TestNG:82 - suiteXmlPath: "C:\Users\RobinAbraham\Downloads\Academy_RahulShetty_Project1-20250305T120021Z-001\Academy_RahulShetty_Project1\testng.xml"
2025-03-08 10:56:50 INFO  Utils:112 - [TestNG] Running:
  C:\Users\RobinAbraham\Downloads\Academy_RahulShetty_Project1-20250305T120021Z-001\Academy_RahulShetty_Project1\testng.xml

2025-03-08 10:58:29 DEBUG TestNG:82 - suiteXmlPath: "C:\Users\RobinAbraham\Downloads\Academy_RahulShetty_Project1-20250305T120021Z-001\Academy_RahulShetty_Project1\testng.xml"
2025-03-08 10:58:29 INFO  Utils:112 - [TestNG] Running:
  C:\Users\RobinAbraham\Downloads\Academy_RahulShetty_Project1-20250305T120021Z-001\Academy_RahulShetty_Project1\testng.xml

2025-03-08 11:00:14 DEBUG TestNG:82 - suiteXmlPath: "C:\Users\RobinAbraham\Downloads\Academy_RahulShetty_Project1-20250305T120021Z-001\Academy_RahulShetty_Project1\testng.xml"
2025-03-08 11:00:14 INFO  Utils:112 - [TestNG] Running:
  C:\Users\RobinAbraham\Downloads\Academy_RahulShetty_Project1-20250305T120021Z-001\Academy_RahulShetty_Project1\testng.xml

2025-03-08 11:10:24 DEBUG TestNG:82 - suiteXmlPath: "C:\Users\RobinAbraham\Downloads\Academy_RahulShetty_Project1-20250305T120021Z-001\Academy_RahulShetty_Project1\testng.xml"
2025-03-08 11:10:25 INFO  Utils:112 - [TestNG] Running:
  C:\Users\RobinAbraham\Downloads\Academy_RahulShetty_Project1-20250305T120021Z-001\Academy_RahulShetty_Project1\testng.xml

2025-03-08 11:15:23 DEBUG TestNG:82 - suiteXmlPath: "C:\Users\RobinAbraham\Downloads\Academy_RahulShetty_Project1-20250305T120021Z-001\Academy_RahulShetty_Project1\testng.xml"
2025-03-08 11:15:23 INFO  Utils:112 - [TestNG] Running:
  C:\Users\RobinAbraham\Downloads\Academy_RahulShetty_Project1-20250305T120021Z-001\Academy_RahulShetty_Project1\testng.xml

2025-03-08 11:43:43 DEBUG TestNG:82 - suiteXmlPath: "C:\Users\RobinAbraham\Downloads\Academy_RahulShetty_Project1-20250305T120021Z-001\Academy_RahulShetty_Project1\testng.xml"
2025-03-08 11:43:43 INFO  Utils:112 - [TestNG] Running:
  C:\Users\RobinAbraham\Downloads\Academy_RahulShetty_Project1-20250305T120021Z-001\Academy_RahulShetty_Project1\testng.xml

2025-03-08 11:44:49 DEBUG TestNG:82 - suiteXmlPath: "C:\Users\RobinAbraham\Downloads\Academy_RahulShetty_Project1-20250305T120021Z-001\Academy_RahulShetty_Project1\testng.xml"
2025-03-08 11:44:49 INFO  Utils:112 - [TestNG] Running:
  C:\Users\RobinAbraham\Downloads\Academy_RahulShetty_Project1-20250305T120021Z-001\Academy_RahulShetty_Project1\testng.xml

2025-03-08 11:58:08 DEBUG TestNG:82 - suiteXmlPath: "C:\Users\RobinAbraham\Downloads\Academy_RahulShetty_Project1-20250305T120021Z-001\Academy_RahulShetty_Project1\testng.xml"
2025-03-08 11:58:09 INFO  Utils:112 - [TestNG] Running:
  C:\Users\RobinAbraham\Downloads\Academy_RahulShetty_Project1-20250305T120021Z-001\Academy_RahulShetty_Project1\testng.xml

2025-03-08 12:04:22 DEBUG TestNG:82 - suiteXmlPath: "C:\Users\RobinAbraham\Downloads\Academy_RahulShetty_Project1-20250305T120021Z-001\Academy_RahulShetty_Project1\testng.xml"
2025-03-08 12:04:23 INFO  Utils:112 - [TestNG] Running:
  C:\Users\RobinAbraham\Downloads\Academy_RahulShetty_Project1-20250305T120021Z-001\Academy_RahulShetty_Project1\testng.xml

2025-03-08 12:10:51 DEBUG TestNG:82 - suiteXmlPath: "C:\Users\RobinAbraham\Downloads\Academy_RahulShetty_Project1-20250305T120021Z-001\Academy_RahulShetty_Project1\testng.xml"
2025-03-08 12:10:52 INFO  Utils:112 - [TestNG] Running:
  C:\Users\RobinAbraham\Downloads\Academy_RahulShetty_Project1-20250305T120021Z-001\Academy_RahulShetty_Project1\testng.xml

2025-03-08 12:25:08 DEBUG TestNG:82 - suiteXmlPath: "C:\Users\RobinAbraham\Downloads\Academy_RahulShetty_Project1-20250305T120021Z-001\Academy_RahulShetty_Project1\testng.xml"
2025-03-08 12:25:09 INFO  Utils:112 - [TestNG] Running:
  C:\Users\RobinAbraham\Downloads\Academy_RahulShetty_Project1-20250305T120021Z-001\Academy_RahulShetty_Project1\testng.xml

2025-03-08 12:34:20 DEBUG TestNG:82 - suiteXmlPath: "C:\Users\RobinAbraham\Downloads\Academy_RahulShetty_Project1-20250305T120021Z-001\Academy_RahulShetty_Project1\testng.xml"
2025-03-08 12:34:20 INFO  Utils:112 - [TestNG] Running:
  C:\Users\RobinAbraham\Downloads\Academy_RahulShetty_Project1-20250305T120021Z-001\Academy_RahulShetty_Project1\testng.xml

2025-03-08 13:04:49 DEBUG TestNG:82 - suiteXmlPath: "C:\Users\RobinAbraham\Downloads\Academy_RahulShetty_Project1-20250305T120021Z-001\Academy_RahulShetty_Project1\testng.xml"
2025-03-08 13:04:50 INFO  Utils:112 - [TestNG] Running:
  C:\Users\RobinAbraham\Downloads\Academy_RahulShetty_Project1-20250305T120021Z-001\Academy_RahulShetty_Project1\testng.xml

2025-03-08 13:06:26 DEBUG TestNG:82 - suiteXmlPath: "C:\Users\RobinAbraham\Downloads\Academy_RahulShetty_Project1-20250305T120021Z-001\Academy_RahulShetty_Project1\testng.xml"
2025-03-08 13:06:27 INFO  Utils:112 - [TestNG] Running:
  C:\Users\RobinAbraham\Downloads\Academy_RahulShetty_Project1-20250305T120021Z-001\Academy_RahulShetty_Project1\testng.xml

2025-03-08 13:13:36 DEBUG TestNG:82 - suiteXmlPath: "C:\Users\RobinAbraham\Downloads\Academy_RahulShetty_Project1-20250305T120021Z-001\Academy_RahulShetty_Project1\testng.xml"
2025-03-08 13:13:36 INFO  Utils:112 - [TestNG] Running:
  C:\Users\RobinAbraham\Downloads\Academy_RahulShetty_Project1-20250305T120021Z-001\Academy_RahulShetty_Project1\testng.xml

2025-03-08 14:03:21 DEBUG TestNG:82 - suiteXmlPath: "C:\Users\RobinAbraham\Downloads\Academy_RahulShetty_Project1-20250305T120021Z-001\Academy_RahulShetty_Project1\testng.xml"
2025-03-08 14:03:21 INFO  Utils:112 - [TestNG] Running:
  C:\Users\RobinAbraham\Downloads\Academy_RahulShetty_Project1-20250305T120021Z-001\Academy_RahulShetty_Project1\testng.xml

2025-03-08 14:05:00 DEBUG TestNG:82 - suiteXmlPath: "C:\Users\RobinAbraham\Downloads\Academy_RahulShetty_Project1-20250305T120021Z-001\Academy_RahulShetty_Project1\testng.xml"
2025-03-08 14:05:00 INFO  Utils:112 - [TestNG] Running:
  C:\Users\RobinAbraham\Downloads\Academy_RahulShetty_Project1-20250305T120021Z-001\Academy_RahulShetty_Project1\testng.xml

2025-03-08 14:44:33 DEBUG TestNG:82 - suiteXmlPath: "C:\Users\RobinAbraham\Downloads\Academy_RahulShetty_Project1-20250305T120021Z-001\Academy_RahulShetty_Project1\testng.xml"
2025-03-08 14:44:33 INFO  Utils:112 - [TestNG] Running:
  C:\Users\RobinAbraham\Downloads\Academy_RahulShetty_Project1-20250305T120021Z-001\Academy_RahulShetty_Project1\testng.xml

2025-03-08 14:49:04 DEBUG TestNG:82 - suiteXmlPath: "C:\Users\RobinAbraham\Downloads\Academy_RahulShetty_Project1-20250305T120021Z-001\Academy_RahulShetty_Project1\testng.xml"
2025-03-08 14:49:05 INFO  Utils:112 - [TestNG] Running:
  C:\Users\RobinAbraham\Downloads\Academy_RahulShetty_Project1-20250305T120021Z-001\Academy_RahulShetty_Project1\testng.xml

2025-03-08 14:56:13 DEBUG TestNG:82 - suiteXmlPath: "C:\Users\RobinAbraham\Downloads\Academy_RahulShetty_Project1-20250305T120021Z-001\Academy_RahulShetty_Project1\testng.xml"
2025-03-08 14:56:13 INFO  Utils:112 - [TestNG] Running:
  C:\Users\RobinAbraham\Downloads\Academy_RahulShetty_Project1-20250305T120021Z-001\Academy_RahulShetty_Project1\testng.xml

2025-03-08 15:36:15 DEBUG TestNG:82 - suiteXmlPath: "C:\Users\RobinAbraham\Downloads\Academy_RahulShetty_Project1-20250305T120021Z-001\Academy_RahulShetty_Project1\testng.xml"
2025-03-08 15:36:16 INFO  Utils:112 - [TestNG] Running:
  C:\Users\RobinAbraham\Downloads\Academy_RahulShetty_Project1-20250305T120021Z-001\Academy_RahulShetty_Project1\testng.xml

2025-03-08 15:40:25 DEBUG TestNG:82 - suiteXmlPath: "C:\Users\RobinAbraham\Downloads\Academy_RahulShetty_Project1-20250305T120021Z-001\Academy_RahulShetty_Project1\testng.xml"
2025-03-08 15:40:26 INFO  Utils:112 - [TestNG] Running:
  C:\Users\RobinAbraham\Downloads\Academy_RahulShetty_Project1-20250305T120021Z-001\Academy_RahulShetty_Project1\testng.xml

2025-03-08 15:47:10 DEBUG TestNG:82 - suiteXmlPath: "C:\Users\RobinAbraham\Downloads\Academy_RahulShetty_Project1-20250305T120021Z-001\Academy_RahulShetty_Project1\testng.xml"
2025-03-08 15:47:11 INFO  Utils:112 - [TestNG] Running:
  C:\Users\RobinAbraham\Downloads\Academy_RahulShetty_Project1-20250305T120021Z-001\Academy_RahulShetty_Project1\testng.xml

2025-03-08 16:04:26 DEBUG TestNG:82 - suiteXmlPath: "C:\Users\RobinAbraham\Downloads\Academy_RahulShetty_Project1-20250305T120021Z-001\Academy_RahulShetty_Project1\testng.xml"
2025-03-08 16:04:27 INFO  Utils:112 - [TestNG] Running:
  C:\Users\RobinAbraham\Downloads\Academy_RahulShetty_Project1-20250305T120021Z-001\Academy_RahulShetty_Project1\testng.xml

